+ mkdir -p /scratch/user/smit1924/ironReceptor_placenta/fastqProcessing/maleOutput/trim_data/ /scratch/user/smit1924/ironReceptor_placenta/fastqProcessing/maleOutput/trimQC/multiqc /scratch/user/smit1924/ironReceptor_placenta/fastqProcessing/maleOutput/rawQC/multiqc
+ THREADS=8
+ RAWFQ=/scratch/user/smit1924/ironReceptor_placenta/fastqProcessing/male_fastq
+ RAWQC=/scratch/user/smit1924/ironReceptor_placenta/fastqProcessing/maleOutput/rawQC
+ TRIMFQ=/scratch/user/smit1924/ironReceptor_placenta/fastqProcessing/maleOutput/trim_data
+ TRIMQC=/scratch/user/smit1924/ironReceptor_placenta/fastqProcessing/maleOutput/trimQC
+ [[ ! -d /scratch/user/smit1924/ironReceptor_placenta/fastqProcessing ]]
+ echo -e 'Found /scratch/user/smit1924/ironReceptor_placenta/fastqProcessing\n'
Found /scratch/user/smit1924/ironReceptor_placenta/fastqProcessing

+ [[ ! -d /scratch/user/smit1924/ironReceptor_placenta/fastqProcessing/male_fastq ]]
+ echo -e 'Found /scratch/user/smit1924/ironReceptor_placenta/fastqProcessing/male_fastq\n'
Found /scratch/user/smit1924/ironReceptor_placenta/fastqProcessing/male_fastq

+ [[ ! -d /scratch/user/smit1924/ironReceptor_placenta/fastqProcessing/maleOutput/rawQC ]]
+ echo -e 'Found /scratch/user/smit1924/ironReceptor_placenta/fastqProcessing/maleOutput/rawQC\n'
Found /scratch/user/smit1924/ironReceptor_placenta/fastqProcessing/maleOutput/rawQC

+ [[ ! -d /scratch/user/smit1924/ironReceptor_placenta/fastqProcessing/maleOutput/trim_data ]]
+ echo -e 'Found /scratch/user/smit1924/ironReceptor_placenta/fastqProcessing/maleOutput/trim_data\n'
Found /scratch/user/smit1924/ironReceptor_placenta/fastqProcessing/maleOutput/trim_data

+ [[ ! -d /scratch/user/smit1924/ironReceptor_placenta/fastqProcessing/maleOutput/trimQC ]]
+ echo -e 'Found /scratch/user/smit1924/ironReceptor_placenta/fastqProcessing/maleOutput/trimQC\n'
Found /scratch/user/smit1924/ironReceptor_placenta/fastqProcessing/maleOutput/trimQC

+ for R1 in ${RAWFQ}/*_R1_001.fastq.gz
+ echo -e 'Found /scratch/user/smit1924/ironReceptor_placenta/fastqProcessing/male_fastq/SAGCFN_22_01666_S1_R1_001.fastq.gz\n'
Found /scratch/user/smit1924/ironReceptor_placenta/fastqProcessing/male_fastq/SAGCFN_22_01666_S1_R1_001.fastq.gz

+ R2=/scratch/user/smit1924/ironReceptor_placenta/fastqProcessing/male_fastq/SAGCFN_22_01666_S1_R2_001.fastq.gz
+ echo -e 'The R2 file should be /scratch/user/smit1924/ironReceptor_placenta/fastqProcessing/male_fastq/SAGCFN_22_01666_S1_R2_001.fastq.gz\n'
The R2 file should be /scratch/user/smit1924/ironReceptor_placenta/fastqProcessing/male_fastq/SAGCFN_22_01666_S1_R2_001.fastq.gz

++ basename /scratch/user/smit1924/ironReceptor_placenta/fastqProcessing/male_fastq/SAGCFN_22_01666_S1_R1_001.fastq.gz
+ base1=SAGCFN_22_01666_S1_R1_001.fastq.gz
++ basename /scratch/user/smit1924/ironReceptor_placenta/fastqProcessing/male_fastq/SAGCFN_22_01666_S1_R2_001.fastq.gz
+ base2=SAGCFN_22_01666_S1_R2_001.fastq.gz
+ for F in $R1 $R2
+ echo /scratch/user/smit1924/ironReceptor_placenta/fastqProcessing/male_fastq/SAGCFN_22_01666_S1_R1_001.fastq.gz
/scratch/user/smit1924/ironReceptor_placenta/fastqProcessing/male_fastq/SAGCFN_22_01666_S1_R1_001.fastq.gz
+ [[ ! -f /scratch/user/smit1924/ironReceptor_placenta/fastqProcessing/maleOutput/rawQC/_fastqc.html ]]
+ echo -e 'Running FastQC on /scratch/user/smit1924/ironReceptor_placenta/fastqProcessing/male_fastq/SAGCFN_22_01666_S1_R1_001.fastq.gz\n'
Running FastQC on /scratch/user/smit1924/ironReceptor_placenta/fastqProcessing/male_fastq/SAGCFN_22_01666_S1_R1_001.fastq.gz

+ fastqc -o /scratch/user/smit1924/ironReceptor_placenta/fastqProcessing/maleOutput/rawQC -t 8 /scratch/user/smit1924/ironReceptor_placenta/fastqProcessing/male_fastq/SAGCFN_22_01666_S1_R1_001.fastq.gz
application/gzip
Started analysis of SAGCFN_22_01666_S1_R1_001.fastq.gz
Too many tiles (>2500) so giving up trying to do per-tile qualities since we're probably parsing the file wrongly
Approx 5% complete for SAGCFN_22_01666_S1_R1_001.fastq.gz
Approx 10% complete for SAGCFN_22_01666_S1_R1_001.fastq.gz
Approx 15% complete for SAGCFN_22_01666_S1_R1_001.fastq.gz
Approx 20% complete for SAGCFN_22_01666_S1_R1_001.fastq.gz
Approx 25% complete for SAGCFN_22_01666_S1_R1_001.fastq.gz
Approx 30% complete for SAGCFN_22_01666_S1_R1_001.fastq.gz
Approx 35% complete for SAGCFN_22_01666_S1_R1_001.fastq.gz
Approx 40% complete for SAGCFN_22_01666_S1_R1_001.fastq.gz
Approx 45% complete for SAGCFN_22_01666_S1_R1_001.fastq.gz
Approx 50% complete for SAGCFN_22_01666_S1_R1_001.fastq.gz
Approx 55% complete for SAGCFN_22_01666_S1_R1_001.fastq.gz
Approx 60% complete for SAGCFN_22_01666_S1_R1_001.fastq.gz
Approx 65% complete for SAGCFN_22_01666_S1_R1_001.fastq.gz
Approx 70% complete for SAGCFN_22_01666_S1_R1_001.fastq.gz
Approx 75% complete for SAGCFN_22_01666_S1_R1_001.fastq.gz
Approx 80% complete for SAGCFN_22_01666_S1_R1_001.fastq.gz
Approx 85% complete for SAGCFN_22_01666_S1_R1_001.fastq.gz
Approx 90% complete for SAGCFN_22_01666_S1_R1_001.fastq.gz
Approx 95% complete for SAGCFN_22_01666_S1_R1_001.fastq.gz
Analysis complete for SAGCFN_22_01666_S1_R1_001.fastq.gz
+ for F in $R1 $R2
+ echo /scratch/user/smit1924/ironReceptor_placenta/fastqProcessing/male_fastq/SAGCFN_22_01666_S1_R2_001.fastq.gz
/scratch/user/smit1924/ironReceptor_placenta/fastqProcessing/male_fastq/SAGCFN_22_01666_S1_R2_001.fastq.gz
+ [[ ! -f /scratch/user/smit1924/ironReceptor_placenta/fastqProcessing/maleOutput/rawQC/_fastqc.html ]]
+ echo -e 'Running FastQC on /scratch/user/smit1924/ironReceptor_placenta/fastqProcessing/male_fastq/SAGCFN_22_01666_S1_R2_001.fastq.gz\n'
Running FastQC on /scratch/user/smit1924/ironReceptor_placenta/fastqProcessing/male_fastq/SAGCFN_22_01666_S1_R2_001.fastq.gz

+ fastqc -o /scratch/user/smit1924/ironReceptor_placenta/fastqProcessing/maleOutput/rawQC -t 8 /scratch/user/smit1924/ironReceptor_placenta/fastqProcessing/male_fastq/SAGCFN_22_01666_S1_R2_001.fastq.gz
application/gzip
Started analysis of SAGCFN_22_01666_S1_R2_001.fastq.gz
Too many tiles (>2500) so giving up trying to do per-tile qualities since we're probably parsing the file wrongly
Approx 5% complete for SAGCFN_22_01666_S1_R2_001.fastq.gz
Approx 10% complete for SAGCFN_22_01666_S1_R2_001.fastq.gz
Approx 15% complete for SAGCFN_22_01666_S1_R2_001.fastq.gz
Approx 20% complete for SAGCFN_22_01666_S1_R2_001.fastq.gz
Approx 25% complete for SAGCFN_22_01666_S1_R2_001.fastq.gz
Approx 30% complete for SAGCFN_22_01666_S1_R2_001.fastq.gz
Approx 35% complete for SAGCFN_22_01666_S1_R2_001.fastq.gz
Approx 40% complete for SAGCFN_22_01666_S1_R2_001.fastq.gz
Approx 45% complete for SAGCFN_22_01666_S1_R2_001.fastq.gz
Approx 50% complete for SAGCFN_22_01666_S1_R2_001.fastq.gz
Approx 55% complete for SAGCFN_22_01666_S1_R2_001.fastq.gz
Approx 60% complete for SAGCFN_22_01666_S1_R2_001.fastq.gz
Approx 65% complete for SAGCFN_22_01666_S1_R2_001.fastq.gz
Approx 70% complete for SAGCFN_22_01666_S1_R2_001.fastq.gz
Approx 75% complete for SAGCFN_22_01666_S1_R2_001.fastq.gz
Approx 80% complete for SAGCFN_22_01666_S1_R2_001.fastq.gz
Approx 85% complete for SAGCFN_22_01666_S1_R2_001.fastq.gz
Approx 90% complete for SAGCFN_22_01666_S1_R2_001.fastq.gz
Approx 95% complete for SAGCFN_22_01666_S1_R2_001.fastq.gz
Analysis complete for SAGCFN_22_01666_S1_R2_001.fastq.gz
+ [[ ! -e /scratch/user/smit1924/ironReceptor_placenta/fastqProcessing/maleOutput/trim_data/SAGCFN_22_01666_S1_R1_001_trim.fastq.gz ]]
+ echo -e 'Running fastp on /scratch/user/smit1924/ironReceptor_placenta/fastqProcessing/male_fastq/SAGCFN_22_01666_S1_R2_001.fastq.gz\n'
Running fastp on /scratch/user/smit1924/ironReceptor_placenta/fastqProcessing/male_fastq/SAGCFN_22_01666_S1_R2_001.fastq.gz

+ fastp -i /scratch/user/smit1924/ironReceptor_placenta/fastqProcessing/male_fastq/SAGCFN_22_01666_S1_R1_001.fastq.gz -I /scratch/user/smit1924/ironReceptor_placenta/fastqProcessing/male_fastq/SAGCFN_22_01666_S1_R2_001.fastq.gz -o /scratch/user/smit1924/ironReceptor_placenta/fastqProcessing/maleOutput/trim_data/SAGCFN_22_01666_S1_R1_001_trim.fastq.gz -O /scratch/user/smit1924/ironReceptor_placenta/fastqProcessing/maleOutput/trim_data/SAGCFN_22_01666_S1_R2_001_trim.fastq.gz --cut_right --cut_window_size 4 --cut_mean_quality 20 --length_required 75
Read1 before filtering:
total reads: 30570978
total bases: 2995955844
Q20 bases: 2956123095(98.6704%)
Q30 bases: 2863279259(95.5715%)

Read2 before filtering:
total reads: 30570978
total bases: 2995955844
Q20 bases: 2963109046(98.9036%)
Q30 bases: 2874804007(95.9562%)

Read1 after filtering:
total reads: 28739490
total bases: 2803413435
Q20 bases: 2779895822(99.1611%)
Q30 bases: 2714738852(96.8369%)

Read2 after filtering:
total reads: 28739490
total bases: 2802829568
Q20 bases: 2784489691(99.3457%)
Q30 bases: 2724934671(97.2208%)

Filtering result:
reads passed filter: 57478980
reads failed due to low quality: 2798
reads failed due to too many N: 0
reads failed due to too short: 3660178
reads with adapter trimmed: 2812574
bases trimmed due to adapters: 36383597

Duplication rate: 35.4587%

Insert size peak (evaluated by paired-end reads): 138

JSON report: fastp.json
HTML report: fastp.html

fastp -i /scratch/user/smit1924/ironReceptor_placenta/fastqProcessing/male_fastq/SAGCFN_22_01666_S1_R1_001.fastq.gz -I /scratch/user/smit1924/ironReceptor_placenta/fastqProcessing/male_fastq/SAGCFN_22_01666_S1_R2_001.fastq.gz -o /scratch/user/smit1924/ironReceptor_placenta/fastqProcessing/maleOutput/trim_data/SAGCFN_22_01666_S1_R1_001_trim.fastq.gz -O /scratch/user/smit1924/ironReceptor_placenta/fastqProcessing/maleOutput/trim_data/SAGCFN_22_01666_S1_R2_001_trim.fastq.gz --cut_right --cut_window_size 4 --cut_mean_quality 20 --length_required 75 
fastp v0.23.2, time used: 152 seconds
+ for R1 in ${RAWFQ}/*_R1_001.fastq.gz
+ echo -e 'Found /scratch/user/smit1924/ironReceptor_placenta/fastqProcessing/male_fastq/SAGCFN_22_01667_S2_R1_001.fastq.gz\n'
Found /scratch/user/smit1924/ironReceptor_placenta/fastqProcessing/male_fastq/SAGCFN_22_01667_S2_R1_001.fastq.gz

+ R2=/scratch/user/smit1924/ironReceptor_placenta/fastqProcessing/male_fastq/SAGCFN_22_01667_S2_R2_001.fastq.gz
+ echo -e 'The R2 file should be /scratch/user/smit1924/ironReceptor_placenta/fastqProcessing/male_fastq/SAGCFN_22_01667_S2_R2_001.fastq.gz\n'
The R2 file should be /scratch/user/smit1924/ironReceptor_placenta/fastqProcessing/male_fastq/SAGCFN_22_01667_S2_R2_001.fastq.gz

++ basename /scratch/user/smit1924/ironReceptor_placenta/fastqProcessing/male_fastq/SAGCFN_22_01667_S2_R1_001.fastq.gz
+ base1=SAGCFN_22_01667_S2_R1_001.fastq.gz
++ basename /scratch/user/smit1924/ironReceptor_placenta/fastqProcessing/male_fastq/SAGCFN_22_01667_S2_R2_001.fastq.gz
+ base2=SAGCFN_22_01667_S2_R2_001.fastq.gz
+ for F in $R1 $R2
+ echo /scratch/user/smit1924/ironReceptor_placenta/fastqProcessing/male_fastq/SAGCFN_22_01667_S2_R1_001.fastq.gz
/scratch/user/smit1924/ironReceptor_placenta/fastqProcessing/male_fastq/SAGCFN_22_01667_S2_R1_001.fastq.gz
+ [[ ! -f /scratch/user/smit1924/ironReceptor_placenta/fastqProcessing/maleOutput/rawQC/_fastqc.html ]]
+ echo -e 'Running FastQC on /scratch/user/smit1924/ironReceptor_placenta/fastqProcessing/male_fastq/SAGCFN_22_01667_S2_R1_001.fastq.gz\n'
Running FastQC on /scratch/user/smit1924/ironReceptor_placenta/fastqProcessing/male_fastq/SAGCFN_22_01667_S2_R1_001.fastq.gz

+ fastqc -o /scratch/user/smit1924/ironReceptor_placenta/fastqProcessing/maleOutput/rawQC -t 8 /scratch/user/smit1924/ironReceptor_placenta/fastqProcessing/male_fastq/SAGCFN_22_01667_S2_R1_001.fastq.gz
application/gzip
Started analysis of SAGCFN_22_01667_S2_R1_001.fastq.gz
Too many tiles (>2500) so giving up trying to do per-tile qualities since we're probably parsing the file wrongly
Approx 5% complete for SAGCFN_22_01667_S2_R1_001.fastq.gz
Approx 10% complete for SAGCFN_22_01667_S2_R1_001.fastq.gz
Approx 15% complete for SAGCFN_22_01667_S2_R1_001.fastq.gz
Approx 20% complete for SAGCFN_22_01667_S2_R1_001.fastq.gz
Approx 25% complete for SAGCFN_22_01667_S2_R1_001.fastq.gz
Approx 30% complete for SAGCFN_22_01667_S2_R1_001.fastq.gz
Approx 35% complete for SAGCFN_22_01667_S2_R1_001.fastq.gz
Approx 40% complete for SAGCFN_22_01667_S2_R1_001.fastq.gz
Approx 45% complete for SAGCFN_22_01667_S2_R1_001.fastq.gz
Approx 50% complete for SAGCFN_22_01667_S2_R1_001.fastq.gz
Approx 55% complete for SAGCFN_22_01667_S2_R1_001.fastq.gz
Approx 60% complete for SAGCFN_22_01667_S2_R1_001.fastq.gz
Approx 65% complete for SAGCFN_22_01667_S2_R1_001.fastq.gz
Approx 70% complete for SAGCFN_22_01667_S2_R1_001.fastq.gz
Approx 75% complete for SAGCFN_22_01667_S2_R1_001.fastq.gz
Approx 80% complete for SAGCFN_22_01667_S2_R1_001.fastq.gz
Approx 85% complete for SAGCFN_22_01667_S2_R1_001.fastq.gz
Approx 90% complete for SAGCFN_22_01667_S2_R1_001.fastq.gz
Approx 95% complete for SAGCFN_22_01667_S2_R1_001.fastq.gz
Analysis complete for SAGCFN_22_01667_S2_R1_001.fastq.gz
+ for F in $R1 $R2
+ echo /scratch/user/smit1924/ironReceptor_placenta/fastqProcessing/male_fastq/SAGCFN_22_01667_S2_R2_001.fastq.gz
/scratch/user/smit1924/ironReceptor_placenta/fastqProcessing/male_fastq/SAGCFN_22_01667_S2_R2_001.fastq.gz
+ [[ ! -f /scratch/user/smit1924/ironReceptor_placenta/fastqProcessing/maleOutput/rawQC/_fastqc.html ]]
+ echo -e 'Running FastQC on /scratch/user/smit1924/ironReceptor_placenta/fastqProcessing/male_fastq/SAGCFN_22_01667_S2_R2_001.fastq.gz\n'
Running FastQC on /scratch/user/smit1924/ironReceptor_placenta/fastqProcessing/male_fastq/SAGCFN_22_01667_S2_R2_001.fastq.gz

+ fastqc -o /scratch/user/smit1924/ironReceptor_placenta/fastqProcessing/maleOutput/rawQC -t 8 /scratch/user/smit1924/ironReceptor_placenta/fastqProcessing/male_fastq/SAGCFN_22_01667_S2_R2_001.fastq.gz
application/gzip
Started analysis of SAGCFN_22_01667_S2_R2_001.fastq.gz
Too many tiles (>2500) so giving up trying to do per-tile qualities since we're probably parsing the file wrongly
Approx 5% complete for SAGCFN_22_01667_S2_R2_001.fastq.gz
Approx 10% complete for SAGCFN_22_01667_S2_R2_001.fastq.gz
Approx 15% complete for SAGCFN_22_01667_S2_R2_001.fastq.gz
Approx 20% complete for SAGCFN_22_01667_S2_R2_001.fastq.gz
Approx 25% complete for SAGCFN_22_01667_S2_R2_001.fastq.gz
Approx 30% complete for SAGCFN_22_01667_S2_R2_001.fastq.gz
Approx 35% complete for SAGCFN_22_01667_S2_R2_001.fastq.gz
Approx 40% complete for SAGCFN_22_01667_S2_R2_001.fastq.gz
Approx 45% complete for SAGCFN_22_01667_S2_R2_001.fastq.gz
Approx 50% complete for SAGCFN_22_01667_S2_R2_001.fastq.gz
Approx 55% complete for SAGCFN_22_01667_S2_R2_001.fastq.gz
Approx 60% complete for SAGCFN_22_01667_S2_R2_001.fastq.gz
Approx 65% complete for SAGCFN_22_01667_S2_R2_001.fastq.gz
Approx 70% complete for SAGCFN_22_01667_S2_R2_001.fastq.gz
Approx 75% complete for SAGCFN_22_01667_S2_R2_001.fastq.gz
Approx 80% complete for SAGCFN_22_01667_S2_R2_001.fastq.gz
Approx 85% complete for SAGCFN_22_01667_S2_R2_001.fastq.gz
Approx 90% complete for SAGCFN_22_01667_S2_R2_001.fastq.gz
Approx 95% complete for SAGCFN_22_01667_S2_R2_001.fastq.gz
Analysis complete for SAGCFN_22_01667_S2_R2_001.fastq.gz
+ [[ ! -e /scratch/user/smit1924/ironReceptor_placenta/fastqProcessing/maleOutput/trim_data/SAGCFN_22_01667_S2_R1_001_trim.fastq.gz ]]
+ echo -e 'Running fastp on /scratch/user/smit1924/ironReceptor_placenta/fastqProcessing/male_fastq/SAGCFN_22_01667_S2_R2_001.fastq.gz\n'
Running fastp on /scratch/user/smit1924/ironReceptor_placenta/fastqProcessing/male_fastq/SAGCFN_22_01667_S2_R2_001.fastq.gz

+ fastp -i /scratch/user/smit1924/ironReceptor_placenta/fastqProcessing/male_fastq/SAGCFN_22_01667_S2_R1_001.fastq.gz -I /scratch/user/smit1924/ironReceptor_placenta/fastqProcessing/male_fastq/SAGCFN_22_01667_S2_R2_001.fastq.gz -o /scratch/user/smit1924/ironReceptor_placenta/fastqProcessing/maleOutput/trim_data/SAGCFN_22_01667_S2_R1_001_trim.fastq.gz -O /scratch/user/smit1924/ironReceptor_placenta/fastqProcessing/maleOutput/trim_data/SAGCFN_22_01667_S2_R2_001_trim.fastq.gz --cut_right --cut_window_size 4 --cut_mean_quality 20 --length_required 75
Read1 before filtering:
total reads: 22513565
total bases: 2206329370
Q20 bases: 2177307403(98.6846%)
Q30 bases: 2109784029(95.6242%)

Read2 before filtering:
total reads: 22513565
total bases: 2206329370
Q20 bases: 2183462878(98.9636%)
Q30 bases: 2121867023(96.1718%)

Read1 after filtering:
total reads: 21193888
total bases: 2067204875
Q20 bases: 2050103856(99.1727%)
Q30 bases: 2002775755(96.8833%)

Read2 after filtering:
total reads: 21193888
total bases: 2066979723
Q20 bases: 2054118523(99.3778%)
Q30 bases: 2012461119(97.3624%)

Filtering result:
reads passed filter: 42387776
reads failed due to low quality: 2046
reads failed due to too many N: 0
reads failed due to too short: 2637308
reads with adapter trimmed: 2129064
bases trimmed due to adapters: 28033263

Duplication rate: 31.8788%

Insert size peak (evaluated by paired-end reads): 135

JSON report: fastp.json
HTML report: fastp.html

fastp -i /scratch/user/smit1924/ironReceptor_placenta/fastqProcessing/male_fastq/SAGCFN_22_01667_S2_R1_001.fastq.gz -I /scratch/user/smit1924/ironReceptor_placenta/fastqProcessing/male_fastq/SAGCFN_22_01667_S2_R2_001.fastq.gz -o /scratch/user/smit1924/ironReceptor_placenta/fastqProcessing/maleOutput/trim_data/SAGCFN_22_01667_S2_R1_001_trim.fastq.gz -O /scratch/user/smit1924/ironReceptor_placenta/fastqProcessing/maleOutput/trim_data/SAGCFN_22_01667_S2_R2_001_trim.fastq.gz --cut_right --cut_window_size 4 --cut_mean_quality 20 --length_required 75 
fastp v0.23.2, time used: 102 seconds
+ for R1 in ${RAWFQ}/*_R1_001.fastq.gz
+ echo -e 'Found /scratch/user/smit1924/ironReceptor_placenta/fastqProcessing/male_fastq/SAGCFN_22_01668_S3_R1_001.fastq.gz\n'
Found /scratch/user/smit1924/ironReceptor_placenta/fastqProcessing/male_fastq/SAGCFN_22_01668_S3_R1_001.fastq.gz

+ R2=/scratch/user/smit1924/ironReceptor_placenta/fastqProcessing/male_fastq/SAGCFN_22_01668_S3_R2_001.fastq.gz
+ echo -e 'The R2 file should be /scratch/user/smit1924/ironReceptor_placenta/fastqProcessing/male_fastq/SAGCFN_22_01668_S3_R2_001.fastq.gz\n'
The R2 file should be /scratch/user/smit1924/ironReceptor_placenta/fastqProcessing/male_fastq/SAGCFN_22_01668_S3_R2_001.fastq.gz

++ basename /scratch/user/smit1924/ironReceptor_placenta/fastqProcessing/male_fastq/SAGCFN_22_01668_S3_R1_001.fastq.gz
+ base1=SAGCFN_22_01668_S3_R1_001.fastq.gz
++ basename /scratch/user/smit1924/ironReceptor_placenta/fastqProcessing/male_fastq/SAGCFN_22_01668_S3_R2_001.fastq.gz
+ base2=SAGCFN_22_01668_S3_R2_001.fastq.gz
+ for F in $R1 $R2
+ echo /scratch/user/smit1924/ironReceptor_placenta/fastqProcessing/male_fastq/SAGCFN_22_01668_S3_R1_001.fastq.gz
/scratch/user/smit1924/ironReceptor_placenta/fastqProcessing/male_fastq/SAGCFN_22_01668_S3_R1_001.fastq.gz
+ [[ ! -f /scratch/user/smit1924/ironReceptor_placenta/fastqProcessing/maleOutput/rawQC/_fastqc.html ]]
+ echo -e 'Running FastQC on /scratch/user/smit1924/ironReceptor_placenta/fastqProcessing/male_fastq/SAGCFN_22_01668_S3_R1_001.fastq.gz\n'
Running FastQC on /scratch/user/smit1924/ironReceptor_placenta/fastqProcessing/male_fastq/SAGCFN_22_01668_S3_R1_001.fastq.gz

+ fastqc -o /scratch/user/smit1924/ironReceptor_placenta/fastqProcessing/maleOutput/rawQC -t 8 /scratch/user/smit1924/ironReceptor_placenta/fastqProcessing/male_fastq/SAGCFN_22_01668_S3_R1_001.fastq.gz
application/gzip
Started analysis of SAGCFN_22_01668_S3_R1_001.fastq.gz
Too many tiles (>2500) so giving up trying to do per-tile qualities since we're probably parsing the file wrongly
Approx 5% complete for SAGCFN_22_01668_S3_R1_001.fastq.gz
Approx 10% complete for SAGCFN_22_01668_S3_R1_001.fastq.gz
Approx 15% complete for SAGCFN_22_01668_S3_R1_001.fastq.gz
Approx 20% complete for SAGCFN_22_01668_S3_R1_001.fastq.gz
Approx 25% complete for SAGCFN_22_01668_S3_R1_001.fastq.gz
Approx 30% complete for SAGCFN_22_01668_S3_R1_001.fastq.gz
Approx 35% complete for SAGCFN_22_01668_S3_R1_001.fastq.gz
Approx 40% complete for SAGCFN_22_01668_S3_R1_001.fastq.gz
Approx 45% complete for SAGCFN_22_01668_S3_R1_001.fastq.gz
Approx 50% complete for SAGCFN_22_01668_S3_R1_001.fastq.gz
Approx 55% complete for SAGCFN_22_01668_S3_R1_001.fastq.gz
Approx 60% complete for SAGCFN_22_01668_S3_R1_001.fastq.gz
Approx 65% complete for SAGCFN_22_01668_S3_R1_001.fastq.gz
