/scratch/user/smit1924/ironReceptor_placenta/fastqProcessing/femaleScripts/01_qualityControl.sh: line 22: /scratch/user/smit1924/ironReceptor_placenta/fastqProcessingfemaleOutput/log/qualitycontrol.log: No such file or directory
+ mkdir -p /scratch/user/smit1924/ironReceptor_placenta/fastqProcessing/femaleOutput/trim_data/ /scratch/user/smit1924/ironReceptor_placenta/fastqProcessing/femaleOutput/trimQC/multiqc /scratch/user/smit1924/ironReceptor_placenta/fastqProcessing/femaleOutput/rawQC/multiqc
+ THREADS=8
+ RAWFQ=/scratch/user/smit1924/ironReceptor_placenta/fastqProcessing/female_fastq
+ RAWQC=/scratch/user/smit1924/ironReceptor_placenta/fastqProcessing/femaleOutput/rawQC
+ TRIMFQ=/scratch/user/smit1924/ironReceptor_placenta/fastqProcessing/femaleOutput/trim_data
+ TRIMQC=/scratch/user/smit1924/ironReceptor_placenta/fastqProcessing/femaleOutput/trimQC
+ [[ ! -d /scratch/user/smit1924/ironReceptor_placenta/fastqProcessing ]]
+ echo -e 'Found /scratch/user/smit1924/ironReceptor_placenta/fastqProcessing\n'
Found /scratch/user/smit1924/ironReceptor_placenta/fastqProcessing

+ [[ ! -d /scratch/user/smit1924/ironReceptor_placenta/fastqProcessing/female_fastq ]]
+ echo -e 'Found /scratch/user/smit1924/ironReceptor_placenta/fastqProcessing/female_fastq\n'
Found /scratch/user/smit1924/ironReceptor_placenta/fastqProcessing/female_fastq

+ [[ ! -d /scratch/user/smit1924/ironReceptor_placenta/fastqProcessing/femaleOutput/rawQC ]]
+ echo -e 'Found /scratch/user/smit1924/ironReceptor_placenta/fastqProcessing/femaleOutput/rawQC\n'
Found /scratch/user/smit1924/ironReceptor_placenta/fastqProcessing/femaleOutput/rawQC

+ [[ ! -d /scratch/user/smit1924/ironReceptor_placenta/fastqProcessing/femaleOutput/trim_data ]]
+ echo -e 'Found /scratch/user/smit1924/ironReceptor_placenta/fastqProcessing/femaleOutput/trim_data\n'
Found /scratch/user/smit1924/ironReceptor_placenta/fastqProcessing/femaleOutput/trim_data

+ [[ ! -d /scratch/user/smit1924/ironReceptor_placenta/fastqProcessing/femaleOutput/trimQC ]]
+ echo -e 'Found /scratch/user/smit1924/ironReceptor_placenta/fastqProcessing/femaleOutput/trimQC\n'
Found /scratch/user/smit1924/ironReceptor_placenta/fastqProcessing/femaleOutput/trimQC

+ for R1 in ${RAWFQ}/*_R1_001.fastq.gz
+ echo -e 'Found /scratch/user/smit1924/ironReceptor_placenta/fastqProcessing/female_fastq/SAGCFN_22_01669_S4_R1_001.fastq.gz\n'
Found /scratch/user/smit1924/ironReceptor_placenta/fastqProcessing/female_fastq/SAGCFN_22_01669_S4_R1_001.fastq.gz

+ R2=/scratch/user/smit1924/ironReceptor_placenta/fastqProcessing/female_fastq/SAGCFN_22_01669_S4_R2_001.fastq.gz
+ echo -e 'The R2 file should be /scratch/user/smit1924/ironReceptor_placenta/fastqProcessing/female_fastq/SAGCFN_22_01669_S4_R2_001.fastq.gz\n'
The R2 file should be /scratch/user/smit1924/ironReceptor_placenta/fastqProcessing/female_fastq/SAGCFN_22_01669_S4_R2_001.fastq.gz

++ basename /scratch/user/smit1924/ironReceptor_placenta/fastqProcessing/female_fastq/SAGCFN_22_01669_S4_R1_001.fastq.gz
+ base1=SAGCFN_22_01669_S4_R1_001.fastq.gz
++ basename /scratch/user/smit1924/ironReceptor_placenta/fastqProcessing/female_fastq/SAGCFN_22_01669_S4_R2_001.fastq.gz
+ base2=SAGCFN_22_01669_S4_R2_001.fastq.gz
+ for F in $R1 $R2
+ echo /scratch/user/smit1924/ironReceptor_placenta/fastqProcessing/female_fastq/SAGCFN_22_01669_S4_R1_001.fastq.gz
/scratch/user/smit1924/ironReceptor_placenta/fastqProcessing/female_fastq/SAGCFN_22_01669_S4_R1_001.fastq.gz
+ [[ ! -f /scratch/user/smit1924/ironReceptor_placenta/fastqProcessing/femaleOutput/rawQC/_fastqc.html ]]
+ echo -e 'Running FastQC on /scratch/user/smit1924/ironReceptor_placenta/fastqProcessing/female_fastq/SAGCFN_22_01669_S4_R1_001.fastq.gz\n'
Running FastQC on /scratch/user/smit1924/ironReceptor_placenta/fastqProcessing/female_fastq/SAGCFN_22_01669_S4_R1_001.fastq.gz

+ fastqc -o /scratch/user/smit1924/ironReceptor_placenta/fastqProcessing/femaleOutput/rawQC -t 8 /scratch/user/smit1924/ironReceptor_placenta/fastqProcessing/female_fastq/SAGCFN_22_01669_S4_R1_001.fastq.gz
application/gzip
Started analysis of SAGCFN_22_01669_S4_R1_001.fastq.gz
Too many tiles (>2500) so giving up trying to do per-tile qualities since we're probably parsing the file wrongly
Approx 5% complete for SAGCFN_22_01669_S4_R1_001.fastq.gz
Approx 10% complete for SAGCFN_22_01669_S4_R1_001.fastq.gz
Approx 15% complete for SAGCFN_22_01669_S4_R1_001.fastq.gz
Approx 20% complete for SAGCFN_22_01669_S4_R1_001.fastq.gz
Approx 25% complete for SAGCFN_22_01669_S4_R1_001.fastq.gz
Approx 30% complete for SAGCFN_22_01669_S4_R1_001.fastq.gz
Approx 35% complete for SAGCFN_22_01669_S4_R1_001.fastq.gz
Approx 40% complete for SAGCFN_22_01669_S4_R1_001.fastq.gz
Approx 45% complete for SAGCFN_22_01669_S4_R1_001.fastq.gz
Approx 50% complete for SAGCFN_22_01669_S4_R1_001.fastq.gz
Approx 55% complete for SAGCFN_22_01669_S4_R1_001.fastq.gz
Approx 60% complete for SAGCFN_22_01669_S4_R1_001.fastq.gz
Approx 65% complete for SAGCFN_22_01669_S4_R1_001.fastq.gz
Approx 70% complete for SAGCFN_22_01669_S4_R1_001.fastq.gz
Approx 75% complete for SAGCFN_22_01669_S4_R1_001.fastq.gz
Approx 80% complete for SAGCFN_22_01669_S4_R1_001.fastq.gz
Approx 85% complete for SAGCFN_22_01669_S4_R1_001.fastq.gz
Approx 90% complete for SAGCFN_22_01669_S4_R1_001.fastq.gz
Approx 95% complete for SAGCFN_22_01669_S4_R1_001.fastq.gz
Analysis complete for SAGCFN_22_01669_S4_R1_001.fastq.gz
+ for F in $R1 $R2
+ echo /scratch/user/smit1924/ironReceptor_placenta/fastqProcessing/female_fastq/SAGCFN_22_01669_S4_R2_001.fastq.gz
/scratch/user/smit1924/ironReceptor_placenta/fastqProcessing/female_fastq/SAGCFN_22_01669_S4_R2_001.fastq.gz
+ [[ ! -f /scratch/user/smit1924/ironReceptor_placenta/fastqProcessing/femaleOutput/rawQC/_fastqc.html ]]
+ echo -e 'Running FastQC on /scratch/user/smit1924/ironReceptor_placenta/fastqProcessing/female_fastq/SAGCFN_22_01669_S4_R2_001.fastq.gz\n'
Running FastQC on /scratch/user/smit1924/ironReceptor_placenta/fastqProcessing/female_fastq/SAGCFN_22_01669_S4_R2_001.fastq.gz

+ fastqc -o /scratch/user/smit1924/ironReceptor_placenta/fastqProcessing/femaleOutput/rawQC -t 8 /scratch/user/smit1924/ironReceptor_placenta/fastqProcessing/female_fastq/SAGCFN_22_01669_S4_R2_001.fastq.gz
application/gzip
Started analysis of SAGCFN_22_01669_S4_R2_001.fastq.gz
Too many tiles (>2500) so giving up trying to do per-tile qualities since we're probably parsing the file wrongly
Approx 5% complete for SAGCFN_22_01669_S4_R2_001.fastq.gz
Approx 10% complete for SAGCFN_22_01669_S4_R2_001.fastq.gz
Approx 15% complete for SAGCFN_22_01669_S4_R2_001.fastq.gz
Approx 20% complete for SAGCFN_22_01669_S4_R2_001.fastq.gz
Approx 25% complete for SAGCFN_22_01669_S4_R2_001.fastq.gz
Approx 30% complete for SAGCFN_22_01669_S4_R2_001.fastq.gz
Approx 35% complete for SAGCFN_22_01669_S4_R2_001.fastq.gz
Approx 40% complete for SAGCFN_22_01669_S4_R2_001.fastq.gz
Approx 45% complete for SAGCFN_22_01669_S4_R2_001.fastq.gz
Approx 50% complete for SAGCFN_22_01669_S4_R2_001.fastq.gz
Approx 55% complete for SAGCFN_22_01669_S4_R2_001.fastq.gz
Approx 60% complete for SAGCFN_22_01669_S4_R2_001.fastq.gz
Approx 65% complete for SAGCFN_22_01669_S4_R2_001.fastq.gz
Approx 70% complete for SAGCFN_22_01669_S4_R2_001.fastq.gz
Approx 75% complete for SAGCFN_22_01669_S4_R2_001.fastq.gz
Approx 80% complete for SAGCFN_22_01669_S4_R2_001.fastq.gz
Approx 85% complete for SAGCFN_22_01669_S4_R2_001.fastq.gz
Approx 90% complete for SAGCFN_22_01669_S4_R2_001.fastq.gz
Approx 95% complete for SAGCFN_22_01669_S4_R2_001.fastq.gz
Analysis complete for SAGCFN_22_01669_S4_R2_001.fastq.gz
+ [[ ! -e /scratch/user/smit1924/ironReceptor_placenta/fastqProcessing/femaleOutput/trim_data/SAGCFN_22_01669_S4_R1_001_trim.fastq.gz ]]
+ echo -e 'Running fastp on /scratch/user/smit1924/ironReceptor_placenta/fastqProcessing/female_fastq/SAGCFN_22_01669_S4_R2_001.fastq.gz\n'
Running fastp on /scratch/user/smit1924/ironReceptor_placenta/fastqProcessing/female_fastq/SAGCFN_22_01669_S4_R2_001.fastq.gz

+ fastp -i /scratch/user/smit1924/ironReceptor_placenta/fastqProcessing/female_fastq/SAGCFN_22_01669_S4_R1_001.fastq.gz -I /scratch/user/smit1924/ironReceptor_placenta/fastqProcessing/female_fastq/SAGCFN_22_01669_S4_R2_001.fastq.gz -o /scratch/user/smit1924/ironReceptor_placenta/fastqProcessing/femaleOutput/trim_data/SAGCFN_22_01669_S4_R1_001_trim.fastq.gz -O /scratch/user/smit1924/ironReceptor_placenta/fastqProcessing/femaleOutput/trim_data/SAGCFN_22_01669_S4_R2_001_trim.fastq.gz --cut_right --cut_window_size 4 --cut_mean_quality 20 --length_required 75
Read1 before filtering:
total reads: 44815300
total bases: 4391899400
Q20 bases: 4337874022(98.7699%)
Q30 bases: 4211376016(95.8896%)

Read2 before filtering:
total reads: 44815300
total bases: 4391899400
Q20 bases: 4346599847(98.9686%)
Q30 bases: 4225313437(96.207%)

Read1 after filtering:
total reads: 42416488
total bases: 4137027761
Q20 bases: 4104309099(99.2091%)
Q30 bases: 4013747183(97.0201%)

Read2 after filtering:
total reads: 42416488
total bases: 4136391146
Q20 bases: 4109954323(99.3609%)
Q30 bases: 4025517334(97.3196%)

Filtering result:
reads passed filter: 84832976
reads failed due to low quality: 3036
reads failed due to too many N: 0
reads failed due to too short: 4794588
reads with adapter trimmed: 4354848
bases trimmed due to adapters: 54480633

Duplication rate: 33.8886%

Insert size peak (evaluated by paired-end reads): 127

JSON report: fastp.json
HTML report: fastp.html

fastp -i /scratch/user/smit1924/ironReceptor_placenta/fastqProcessing/female_fastq/SAGCFN_22_01669_S4_R1_001.fastq.gz -I /scratch/user/smit1924/ironReceptor_placenta/fastqProcessing/female_fastq/SAGCFN_22_01669_S4_R2_001.fastq.gz -o /scratch/user/smit1924/ironReceptor_placenta/fastqProcessing/femaleOutput/trim_data/SAGCFN_22_01669_S4_R1_001_trim.fastq.gz -O /scratch/user/smit1924/ironReceptor_placenta/fastqProcessing/femaleOutput/trim_data/SAGCFN_22_01669_S4_R2_001_trim.fastq.gz --cut_right --cut_window_size 4 --cut_mean_quality 20 --length_required 75 
fastp v0.23.2, time used: 196 seconds
+ for R1 in ${RAWFQ}/*_R1_001.fastq.gz
+ echo -e 'Found /scratch/user/smit1924/ironReceptor_placenta/fastqProcessing/female_fastq/SAGCFN_22_01670_S5_R1_001.fastq.gz\n'
Found /scratch/user/smit1924/ironReceptor_placenta/fastqProcessing/female_fastq/SAGCFN_22_01670_S5_R1_001.fastq.gz

+ R2=/scratch/user/smit1924/ironReceptor_placenta/fastqProcessing/female_fastq/SAGCFN_22_01670_S5_R2_001.fastq.gz
+ echo -e 'The R2 file should be /scratch/user/smit1924/ironReceptor_placenta/fastqProcessing/female_fastq/SAGCFN_22_01670_S5_R2_001.fastq.gz\n'
The R2 file should be /scratch/user/smit1924/ironReceptor_placenta/fastqProcessing/female_fastq/SAGCFN_22_01670_S5_R2_001.fastq.gz

++ basename /scratch/user/smit1924/ironReceptor_placenta/fastqProcessing/female_fastq/SAGCFN_22_01670_S5_R1_001.fastq.gz
+ base1=SAGCFN_22_01670_S5_R1_001.fastq.gz
++ basename /scratch/user/smit1924/ironReceptor_placenta/fastqProcessing/female_fastq/SAGCFN_22_01670_S5_R2_001.fastq.gz
+ base2=SAGCFN_22_01670_S5_R2_001.fastq.gz
+ for F in $R1 $R2
+ echo /scratch/user/smit1924/ironReceptor_placenta/fastqProcessing/female_fastq/SAGCFN_22_01670_S5_R1_001.fastq.gz
/scratch/user/smit1924/ironReceptor_placenta/fastqProcessing/female_fastq/SAGCFN_22_01670_S5_R1_001.fastq.gz
+ [[ ! -f /scratch/user/smit1924/ironReceptor_placenta/fastqProcessing/femaleOutput/rawQC/_fastqc.html ]]
+ echo -e 'Running FastQC on /scratch/user/smit1924/ironReceptor_placenta/fastqProcessing/female_fastq/SAGCFN_22_01670_S5_R1_001.fastq.gz\n'
Running FastQC on /scratch/user/smit1924/ironReceptor_placenta/fastqProcessing/female_fastq/SAGCFN_22_01670_S5_R1_001.fastq.gz

+ fastqc -o /scratch/user/smit1924/ironReceptor_placenta/fastqProcessing/femaleOutput/rawQC -t 8 /scratch/user/smit1924/ironReceptor_placenta/fastqProcessing/female_fastq/SAGCFN_22_01670_S5_R1_001.fastq.gz
application/gzip
Started analysis of SAGCFN_22_01670_S5_R1_001.fastq.gz
Too many tiles (>2500) so giving up trying to do per-tile qualities since we're probably parsing the file wrongly
Approx 5% complete for SAGCFN_22_01670_S5_R1_001.fastq.gz
Approx 10% complete for SAGCFN_22_01670_S5_R1_001.fastq.gz
Approx 15% complete for SAGCFN_22_01670_S5_R1_001.fastq.gz
Approx 20% complete for SAGCFN_22_01670_S5_R1_001.fastq.gz
Approx 25% complete for SAGCFN_22_01670_S5_R1_001.fastq.gz
Approx 30% complete for SAGCFN_22_01670_S5_R1_001.fastq.gz
Approx 35% complete for SAGCFN_22_01670_S5_R1_001.fastq.gz
Approx 40% complete for SAGCFN_22_01670_S5_R1_001.fastq.gz
Approx 45% complete for SAGCFN_22_01670_S5_R1_001.fastq.gz
Approx 50% complete for SAGCFN_22_01670_S5_R1_001.fastq.gz
Approx 55% complete for SAGCFN_22_01670_S5_R1_001.fastq.gz
Approx 60% complete for SAGCFN_22_01670_S5_R1_001.fastq.gz
Approx 65% complete for SAGCFN_22_01670_S5_R1_001.fastq.gz
Approx 70% complete for SAGCFN_22_01670_S5_R1_001.fastq.gz
Approx 75% complete for SAGCFN_22_01670_S5_R1_001.fastq.gz
Approx 80% complete for SAGCFN_22_01670_S5_R1_001.fastq.gz
Approx 85% complete for SAGCFN_22_01670_S5_R1_001.fastq.gz
Approx 90% complete for SAGCFN_22_01670_S5_R1_001.fastq.gz
Approx 95% complete for SAGCFN_22_01670_S5_R1_001.fastq.gz
Analysis complete for SAGCFN_22_01670_S5_R1_001.fastq.gz
+ for F in $R1 $R2
+ echo /scratch/user/smit1924/ironReceptor_placenta/fastqProcessing/female_fastq/SAGCFN_22_01670_S5_R2_001.fastq.gz
/scratch/user/smit1924/ironReceptor_placenta/fastqProcessing/female_fastq/SAGCFN_22_01670_S5_R2_001.fastq.gz
+ [[ ! -f /scratch/user/smit1924/ironReceptor_placenta/fastqProcessing/femaleOutput/rawQC/_fastqc.html ]]
+ echo -e 'Running FastQC on /scratch/user/smit1924/ironReceptor_placenta/fastqProcessing/female_fastq/SAGCFN_22_01670_S5_R2_001.fastq.gz\n'
Running FastQC on /scratch/user/smit1924/ironReceptor_placenta/fastqProcessing/female_fastq/SAGCFN_22_01670_S5_R2_001.fastq.gz

+ fastqc -o /scratch/user/smit1924/ironReceptor_placenta/fastqProcessing/femaleOutput/rawQC -t 8 /scratch/user/smit1924/ironReceptor_placenta/fastqProcessing/female_fastq/SAGCFN_22_01670_S5_R2_001.fastq.gz
application/gzip
Started analysis of SAGCFN_22_01670_S5_R2_001.fastq.gz
Too many tiles (>2500) so giving up trying to do per-tile qualities since we're probably parsing the file wrongly
Approx 5% complete for SAGCFN_22_01670_S5_R2_001.fastq.gz
Approx 10% complete for SAGCFN_22_01670_S5_R2_001.fastq.gz
Approx 15% complete for SAGCFN_22_01670_S5_R2_001.fastq.gz
Approx 20% complete for SAGCFN_22_01670_S5_R2_001.fastq.gz
Approx 25% complete for SAGCFN_22_01670_S5_R2_001.fastq.gz
Approx 30% complete for SAGCFN_22_01670_S5_R2_001.fastq.gz
Approx 35% complete for SAGCFN_22_01670_S5_R2_001.fastq.gz
Approx 40% complete for SAGCFN_22_01670_S5_R2_001.fastq.gz
Approx 45% complete for SAGCFN_22_01670_S5_R2_001.fastq.gz
Approx 50% complete for SAGCFN_22_01670_S5_R2_001.fastq.gz
Approx 55% complete for SAGCFN_22_01670_S5_R2_001.fastq.gz
Approx 60% complete for SAGCFN_22_01670_S5_R2_001.fastq.gz
Approx 65% complete for SAGCFN_22_01670_S5_R2_001.fastq.gz
Approx 70% complete for SAGCFN_22_01670_S5_R2_001.fastq.gz
Approx 75% complete for SAGCFN_22_01670_S5_R2_001.fastq.gz
Approx 80% complete for SAGCFN_22_01670_S5_R2_001.fastq.gz
Approx 85% complete for SAGCFN_22_01670_S5_R2_001.fastq.gz
Approx 90% complete for SAGCFN_22_01670_S5_R2_001.fastq.gz
Approx 95% complete for SAGCFN_22_01670_S5_R2_001.fastq.gz
Analysis complete for SAGCFN_22_01670_S5_R2_001.fastq.gz
+ [[ ! -e /scratch/user/smit1924/ironReceptor_placenta/fastqProcessing/femaleOutput/trim_data/SAGCFN_22_01670_S5_R1_001_trim.fastq.gz ]]
+ echo -e 'Running fastp on /scratch/user/smit1924/ironReceptor_placenta/fastqProcessing/female_fastq/SAGCFN_22_01670_S5_R2_001.fastq.gz\n'
Running fastp on /scratch/user/smit1924/ironReceptor_placenta/fastqProcessing/female_fastq/SAGCFN_22_01670_S5_R2_001.fastq.gz

+ fastp -i /scratch/user/smit1924/ironReceptor_placenta/fastqProcessing/female_fastq/SAGCFN_22_01670_S5_R1_001.fastq.gz -I /scratch/user/smit1924/ironReceptor_placenta/fastqProcessing/female_fastq/SAGCFN_22_01670_S5_R2_001.fastq.gz -o /scratch/user/smit1924/ironReceptor_placenta/fastqProcessing/femaleOutput/trim_data/SAGCFN_22_01670_S5_R1_001_trim.fastq.gz -O /scratch/user/smit1924/ironReceptor_placenta/fastqProcessing/femaleOutput/trim_data/SAGCFN_22_01670_S5_R2_001_trim.fastq.gz --cut_right --cut_window_size 4 --cut_mean_quality 20 --length_required 75
Read1 before filtering:
total reads: 22540855
total bases: 2209003790
Q20 bases: 2180229716(98.6974%)
Q30 bases: 2113865243(95.6931%)

Read2 before filtering:
total reads: 22540855
total bases: 2209003790
Q20 bases: 2188157489(99.0563%)
Q30 bases: 2132084203(96.5179%)

Read1 after filtering:
total reads: 21288959
total bases: 2073797700
Q20 bases: 2056340729(99.1582%)
Q30 bases: 2008648110(96.8584%)

Read2 after filtering:
total reads: 21288959
total bases: 2073897137
Q20 bases: 2061831840(99.4182%)
Q30 bases: 2023184810(97.5547%)

Filtering result:
reads passed filter: 42577918
reads failed due to low quality: 1608
reads failed due to too many N: 0
reads failed due to too short: 2502184
reads with adapter trimmed: 2796596
bases trimmed due to adapters: 35322885

Duplication rate: 28.0598%

Insert size peak (evaluated by paired-end reads): 127

JSON report: fastp.json
HTML report: fastp.html

fastp -i /scratch/user/smit1924/ironReceptor_placenta/fastqProcessing/female_fastq/SAGCFN_22_01670_S5_R1_001.fastq.gz -I /scratch/user/smit1924/ironReceptor_placenta/fastqProcessing/female_fastq/SAGCFN_22_01670_S5_R2_001.fastq.gz -o /scratch/user/smit1924/ironReceptor_placenta/fastqProcessing/femaleOutput/trim_data/SAGCFN_22_01670_S5_R1_001_trim.fastq.gz -O /scratch/user/smit1924/ironReceptor_placenta/fastqProcessing/femaleOutput/trim_data/SAGCFN_22_01670_S5_R2_001_trim.fastq.gz --cut_right --cut_window_size 4 --cut_mean_quality 20 --length_required 75 
fastp v0.23.2, time used: 103 seconds
+ for R1 in ${RAWFQ}/*_R1_001.fastq.gz
+ echo -e 'Found /scratch/user/smit1924/ironReceptor_placenta/fastqProcessing/female_fastq/SAGCFN_22_01674_S9_R1_001.fastq.gz\n'
Found /scratch/user/smit1924/ironReceptor_placenta/fastqProcessing/female_fastq/SAGCFN_22_01674_S9_R1_001.fastq.gz

+ R2=/scratch/user/smit1924/ironReceptor_placenta/fastqProcessing/female_fastq/SAGCFN_22_01674_S9_R2_001.fastq.gz
+ echo -e 'The R2 file should be /scratch/user/smit1924/ironReceptor_placenta/fastqProcessing/female_fastq/SAGCFN_22_01674_S9_R2_001.fastq.gz\n'
The R2 file should be /scratch/user/smit1924/ironReceptor_placenta/fastqProcessing/female_fastq/SAGCFN_22_01674_S9_R2_001.fastq.gz

++ basename /scratch/user/smit1924/ironReceptor_placenta/fastqProcessing/female_fastq/SAGCFN_22_01674_S9_R1_001.fastq.gz
+ base1=SAGCFN_22_01674_S9_R1_001.fastq.gz
++ basename /scratch/user/smit1924/ironReceptor_placenta/fastqProcessing/female_fastq/SAGCFN_22_01674_S9_R2_001.fastq.gz
+ base2=SAGCFN_22_01674_S9_R2_001.fastq.gz
+ for F in $R1 $R2
+ echo /scratch/user/smit1924/ironReceptor_placenta/fastqProcessing/female_fastq/SAGCFN_22_01674_S9_R1_001.fastq.gz
/scratch/user/smit1924/ironReceptor_placenta/fastqProcessing/female_fastq/SAGCFN_22_01674_S9_R1_001.fastq.gz
+ [[ ! -f /scratch/user/smit1924/ironReceptor_placenta/fastqProcessing/femaleOutput/rawQC/_fastqc.html ]]
+ echo -e 'Running FastQC on /scratch/user/smit1924/ironReceptor_placenta/fastqProcessing/female_fastq/SAGCFN_22_01674_S9_R1_001.fastq.gz\n'
Running FastQC on /scratch/user/smit1924/ironReceptor_placenta/fastqProcessing/female_fastq/SAGCFN_22_01674_S9_R1_001.fastq.gz

+ fastqc -o /scratch/user/smit1924/ironReceptor_placenta/fastqProcessing/femaleOutput/rawQC -t 8 /scratch/user/smit1924/ironReceptor_placenta/fastqProcessing/female_fastq/SAGCFN_22_01674_S9_R1_001.fastq.gz
application/gzip
Started analysis of SAGCFN_22_01674_S9_R1_001.fastq.gz
Too many tiles (>2500) so giving up trying to do per-tile qualities since we're probably parsing the file wrongly
Approx 5% complete for SAGCFN_22_01674_S9_R1_001.fastq.gz
Approx 10% complete for SAGCFN_22_01674_S9_R1_001.fastq.gz
